{"contracts/CrowdsaleVesting.sol":{"l":{"41":27,"45":27,"46":27,"47":27,"51":2,"52":2,"54":1,"56":1,"58":1,"66":2,"67":1,"71":1,"79":9,"85":8,"87":8,"88":8,"89":5,"91":3,"94":8,"95":2,"98":6,"99":6,"100":0,"104":6,"106":6,"107":4,"109":4,"110":4,"114":4,"118":6,"119":1,"121":1,"122":1,"126":1,"130":6,"131":1,"133":1,"134":1,"138":1,"143":6,"147":0,"154":0,"158":0,"162":0,"169":1,"170":1},"path":"/Users/ideasoft/_development/_projects/dArtflex/smart-contracts-ddao-tokens/contracts/CrowdsaleVesting.sol","s":{"1":27,"2":27,"3":27,"4":27,"5":2,"6":2,"7":1,"8":1,"9":1,"10":2,"11":1,"12":1,"13":9,"14":8,"15":8,"16":8,"17":5,"18":3,"19":8,"20":2,"21":6,"22":6,"23":0,"24":6,"25":6,"26":4,"27":4,"28":4,"29":4,"30":6,"31":1,"32":1,"33":1,"34":1,"35":6,"36":1,"37":1,"38":1,"39":1,"40":6,"41":0,"42":0,"43":0,"44":0,"45":1,"46":1},"b":{"1":[27,0],"2":[1,1],"3":[1,1],"4":[8,1],"5":[5,3],"6":[2,6],"7":[0,6],"8":[4,2],"9":[1,5],"10":[1,5]},"f":{"1":27,"2":2,"3":2,"4":9,"5":0,"6":0,"7":0,"8":0,"9":1},"fnMap":{"1":{"name":"constructor","line":36,"loc":{"start":{"line":36,"column":4},"end":{"line":48,"column":4}}},"2":{"name":"claim","line":50,"loc":{"start":{"line":50,"column":4},"end":{"line":59,"column":4}}},"3":{"name":"availableToClaim","line":61,"loc":{"start":{"line":61,"column":4},"end":{"line":72,"column":4}}},"4":{"name":"calculateUnlockedTokens","line":74,"loc":{"start":{"line":74,"column":4},"end":{"line":144,"column":4}}},"5":{"name":"claimTokens","line":146,"loc":{"start":{"line":146,"column":4},"end":{"line":151,"column":4}}},"6":{"name":"lockAddress","line":153,"loc":{"start":{"line":153,"column":4},"end":{"line":155,"column":4}}},"7":{"name":"unlockAddress","line":157,"loc":{"start":{"line":157,"column":4},"end":{"line":159,"column":4}}},"8":{"name":"adminGetCoin","line":161,"loc":{"start":{"line":161,"column":4},"end":{"line":163,"column":4}}},"9":{"name":"adminGetToken","line":167,"loc":{"start":{"line":165,"column":4},"end":{"line":171,"column":4}}}},"statementMap":{"1":{"start":{"line":41,"column":8},"end":{"line":41,"column":1062}},"2":{"start":{"line":45,"column":8},"end":{"line":45,"column":27}},"3":{"start":{"line":46,"column":8},"end":{"line":46,"column":29}},"4":{"start":{"line":47,"column":8},"end":{"line":47,"column":29}},"5":{"start":{"line":51,"column":8},"end":{"line":51,"column":67}},"6":{"start":{"line":52,"column":8},"end":{"line":52,"column":52}},"7":{"start":{"line":54,"column":8},"end":{"line":54,"column":56}},"8":{"start":{"line":56,"column":8},"end":{"line":56,"column":70}},"9":{"start":{"line":58,"column":8},"end":{"line":58,"column":50}},"10":{"start":{"line":66,"column":8},"end":{"line":66,"column":1766}},"11":{"start":{"line":67,"column":12},"end":{"line":67,"column":1873}},"12":{"start":{"line":71,"column":8},"end":{"line":71,"column":16}},"13":{"start":{"line":79,"column":8},"end":{"line":79,"column":2144}},"14":{"start":{"line":85,"column":8},"end":{"line":85,"column":22}},"15":{"start":{"line":87,"column":8},"end":{"line":87,"column":25}},"16":{"start":{"line":88,"column":8},"end":{"line":88,"column":2404}},"17":{"start":{"line":89,"column":12},"end":{"line":89,"column":28}},"18":{"start":{"line":91,"column":12},"end":{"line":91,"column":38}},"19":{"start":{"line":94,"column":8},"end":{"line":94,"column":2530}},"20":{"start":{"line":95,"column":12},"end":{"line":95,"column":25}},"21":{"start":{"line":98,"column":8},"end":{"line":98,"column":56}},"22":{"start":{"line":99,"column":8},"end":{"line":99,"column":2679}},"23":{"start":{"line":100,"column":12},"end":{"line":100,"column":25}},"24":{"start":{"line":104,"column":8},"end":{"line":104,"column":31}},"25":{"start":{"line":106,"column":8},"end":{"line":106,"column":2831}},"26":{"start":{"line":107,"column":12},"end":{"line":107,"column":43}},"27":{"start":{"line":109,"column":12},"end":{"line":109,"column":74}},"28":{"start":{"line":110,"column":12},"end":{"line":110,"column":3015}},"29":{"start":{"line":114,"column":12},"end":{"line":114,"column":3173}},"30":{"start":{"line":118,"column":8},"end":{"line":118,"column":3264}},"31":{"start":{"line":119,"column":12},"end":{"line":119,"column":47}},"32":{"start":{"line":121,"column":12},"end":{"line":121,"column":74}},"33":{"start":{"line":122,"column":12},"end":{"line":122,"column":3456}},"34":{"start":{"line":126,"column":12},"end":{"line":126,"column":3626}},"35":{"start":{"line":130,"column":8},"end":{"line":130,"column":3717}},"36":{"start":{"line":131,"column":12},"end":{"line":131,"column":47}},"37":{"start":{"line":133,"column":12},"end":{"line":133,"column":74}},"38":{"start":{"line":134,"column":12},"end":{"line":134,"column":3909}},"39":{"start":{"line":138,"column":12},"end":{"line":138,"column":4079}},"40":{"start":{"line":143,"column":8},"end":{"line":143,"column":21}},"41":{"start":{"line":147,"column":8},"end":{"line":147,"column":4260}},"42":{"start":{"line":154,"column":8},"end":{"line":154,"column":33}},"43":{"start":{"line":158,"column":8},"end":{"line":158,"column":34}},"44":{"start":{"line":162,"column":8},"end":{"line":162,"column":43}},"45":{"start":{"line":169,"column":8},"end":{"line":169,"column":49}},"46":{"start":{"line":170,"column":8},"end":{"line":170,"column":51}}},"branchMap":{"1":{"line":41,"type":"if","locations":[{"start":{"line":41,"column":8},"end":{"line":41,"column":8}},{"start":{"line":41,"column":8},"end":{"line":41,"column":8}}]},"2":{"line":52,"type":"if","locations":[{"start":{"line":52,"column":8},"end":{"line":52,"column":8}},{"start":{"line":52,"column":8},"end":{"line":52,"column":8}}]},"3":{"line":66,"type":"if","locations":[{"start":{"line":66,"column":8},"end":{"line":66,"column":8}},{"start":{"line":66,"column":8},"end":{"line":66,"column":8}}]},"4":{"line":79,"type":"if","locations":[{"start":{"line":79,"column":8},"end":{"line":79,"column":8}},{"start":{"line":79,"column":8},"end":{"line":79,"column":8}}]},"5":{"line":88,"type":"if","locations":[{"start":{"line":88,"column":8},"end":{"line":88,"column":8}},{"start":{"line":88,"column":8},"end":{"line":88,"column":8}}]},"6":{"line":94,"type":"if","locations":[{"start":{"line":94,"column":8},"end":{"line":94,"column":8}},{"start":{"line":94,"column":8},"end":{"line":94,"column":8}}]},"7":{"line":99,"type":"if","locations":[{"start":{"line":99,"column":8},"end":{"line":99,"column":8}},{"start":{"line":99,"column":8},"end":{"line":99,"column":8}}]},"8":{"line":106,"type":"if","locations":[{"start":{"line":106,"column":8},"end":{"line":106,"column":8}},{"start":{"line":106,"column":8},"end":{"line":106,"column":8}}]},"9":{"line":118,"type":"if","locations":[{"start":{"line":118,"column":8},"end":{"line":118,"column":8}},{"start":{"line":118,"column":8},"end":{"line":118,"column":8}}]},"10":{"line":130,"type":"if","locations":[{"start":{"line":130,"column":8},"end":{"line":130,"column":8}},{"start":{"line":130,"column":8},"end":{"line":130,"column":8}}]}}},"contracts/ERC20Base.sol":{"l":{"58":54,"59":54,"60":54,"67":0,"75":0,"92":0,"99":0,"112":8,"129":15,"130":15,"143":0,"159":4,"160":4,"181":3,"183":3,"184":3,"188":3,"190":3,"210":0,"215":0,"237":0,"238":0,"242":0,"244":0,"266":18,"267":18,"269":18,"270":18,"274":18,"275":18,"277":18,"281":18,"294":18,"296":18,"297":18,"298":18,"302":0,"317":0,"319":0,"320":0,"321":0,"322":0,"324":0,"345":7,"346":7,"348":7,"349":7},"path":"/Users/ideasoft/_development/_projects/dArtflex/smart-contracts-ddao-tokens/contracts/ERC20Base.sol","s":{"1":54,"2":54,"3":54,"4":0,"5":0,"6":0,"7":0,"8":8,"9":15,"10":15,"11":0,"12":4,"13":4,"14":3,"15":3,"16":3,"17":3,"18":3,"19":0,"20":0,"21":0,"22":0,"23":0,"24":0,"25":18,"26":18,"27":18,"28":18,"29":18,"30":18,"31":18,"32":18,"33":18,"34":18,"35":18,"36":18,"37":0,"38":0,"39":0,"40":0,"41":0,"42":0,"43":0,"44":7,"45":7,"46":7,"47":7},"b":{"1":[3,0],"2":[0,0],"3":[18,0],"4":[18,0],"5":[18,0],"6":[18,0],"7":[0,0],"8":[0,0],"9":[7,0],"10":[7,0]},"f":{"1":54,"2":0,"3":0,"4":0,"5":0,"6":8,"7":15,"8":0,"9":4,"10":3,"11":0,"12":0,"13":18,"14":18,"15":18,"16":0,"17":0,"18":7},"fnMap":{"1":{"name":"constructor","line":53,"loc":{"start":{"line":53,"column":4},"end":{"line":61,"column":4}}},"2":{"name":"name","line":66,"loc":{"start":{"line":66,"column":4},"end":{"line":68,"column":4}}},"3":{"name":"symbol","line":74,"loc":{"start":{"line":74,"column":4},"end":{"line":76,"column":4}}},"4":{"name":"decimals","line":91,"loc":{"start":{"line":91,"column":4},"end":{"line":93,"column":4}}},"5":{"name":"totalSupply","line":98,"loc":{"start":{"line":98,"column":4},"end":{"line":100,"column":4}}},"6":{"name":"balanceOf","line":105,"loc":{"start":{"line":105,"column":4},"end":{"line":113,"column":4}}},"7":{"name":"transfer","line":123,"loc":{"start":{"line":123,"column":4},"end":{"line":131,"column":4}}},"8":{"name":"allowance","line":136,"loc":{"start":{"line":136,"column":4},"end":{"line":144,"column":4}}},"9":{"name":"approve","line":153,"loc":{"start":{"line":153,"column":4},"end":{"line":161,"column":4}}},"10":{"name":"transferFrom","line":176,"loc":{"start":{"line":176,"column":4},"end":{"line":191,"column":4}}},"11":{"name":"increaseAllowance","line":205,"loc":{"start":{"line":205,"column":4},"end":{"line":216,"column":4}}},"12":{"name":"decreaseAllowance","line":232,"loc":{"start":{"line":232,"column":4},"end":{"line":245,"column":4}}},"13":{"name":"_transfer","line":261,"loc":{"start":{"line":261,"column":4},"end":{"line":278,"column":4}}},"14":{"name":"mint","line":280,"loc":{"start":{"line":280,"column":4},"end":{"line":282,"column":4}}},"15":{"name":"_mint","line":293,"loc":{"start":{"line":293,"column":4},"end":{"line":299,"column":4}}},"16":{"name":"burn","line":301,"loc":{"start":{"line":301,"column":4},"end":{"line":303,"column":4}}},"17":{"name":"_burn","line":316,"loc":{"start":{"line":316,"column":4},"end":{"line":325,"column":4}}},"18":{"name":"_approve","line":340,"loc":{"start":{"line":340,"column":4},"end":{"line":350,"column":4}}}},"statementMap":{"1":{"start":{"line":58,"column":8},"end":{"line":58,"column":20}},"2":{"start":{"line":59,"column":8},"end":{"line":59,"column":24}},"3":{"start":{"line":60,"column":8},"end":{"line":60,"column":28}},"4":{"start":{"line":67,"column":8},"end":{"line":67,"column":20}},"5":{"start":{"line":75,"column":8},"end":{"line":75,"column":22}},"6":{"start":{"line":92,"column":8},"end":{"line":92,"column":24}},"7":{"start":{"line":99,"column":8},"end":{"line":99,"column":27}},"8":{"start":{"line":112,"column":8},"end":{"line":112,"column":33}},"9":{"start":{"line":129,"column":8},"end":{"line":129,"column":47}},"10":{"start":{"line":130,"column":8},"end":{"line":130,"column":19}},"11":{"start":{"line":143,"column":8},"end":{"line":143,"column":42}},"12":{"start":{"line":159,"column":8},"end":{"line":159,"column":44}},"13":{"start":{"line":160,"column":8},"end":{"line":160,"column":19}},"14":{"start":{"line":181,"column":8},"end":{"line":181,"column":43}},"15":{"start":{"line":183,"column":8},"end":{"line":183,"column":66}},"16":{"start":{"line":184,"column":8},"end":{"line":184,"column":5372}},"17":{"start":{"line":188,"column":8},"end":{"line":188,"column":62}},"18":{"start":{"line":190,"column":8},"end":{"line":190,"column":19}},"19":{"start":{"line":210,"column":8},"end":{"line":210,"column":6106}},"20":{"start":{"line":215,"column":8},"end":{"line":215,"column":19}},"21":{"start":{"line":237,"column":8},"end":{"line":237,"column":67}},"22":{"start":{"line":238,"column":8},"end":{"line":238,"column":6949}},"23":{"start":{"line":242,"column":8},"end":{"line":242,"column":72}},"24":{"start":{"line":244,"column":8},"end":{"line":244,"column":19}},"25":{"start":{"line":266,"column":8},"end":{"line":266,"column":77}},"26":{"start":{"line":267,"column":8},"end":{"line":267,"column":78}},"27":{"start":{"line":269,"column":8},"end":{"line":269,"column":49}},"28":{"start":{"line":270,"column":8},"end":{"line":270,"column":7986}},"29":{"start":{"line":274,"column":8},"end":{"line":274,"column":49}},"30":{"start":{"line":275,"column":8},"end":{"line":275,"column":37}},"31":{"start":{"line":277,"column":8},"end":{"line":277,"column":48}},"32":{"start":{"line":281,"column":8},"end":{"line":281,"column":29}},"33":{"start":{"line":294,"column":8},"end":{"line":294,"column":72}},"34":{"start":{"line":296,"column":8},"end":{"line":296,"column":29}},"35":{"start":{"line":297,"column":8},"end":{"line":297,"column":35}},"36":{"start":{"line":298,"column":8},"end":{"line":298,"column":50}},"37":{"start":{"line":302,"column":8},"end":{"line":302,"column":32}},"38":{"start":{"line":317,"column":8},"end":{"line":317,"column":74}},"39":{"start":{"line":319,"column":8},"end":{"line":319,"column":51}},"40":{"start":{"line":320,"column":8},"end":{"line":320,"column":78}},"41":{"start":{"line":321,"column":8},"end":{"line":321,"column":51}},"42":{"start":{"line":322,"column":8},"end":{"line":322,"column":29}},"43":{"start":{"line":324,"column":8},"end":{"line":324,"column":50}},"44":{"start":{"line":345,"column":8},"end":{"line":345,"column":75}},"45":{"start":{"line":346,"column":8},"end":{"line":346,"column":75}},"46":{"start":{"line":348,"column":8},"end":{"line":348,"column":43}},"47":{"start":{"line":349,"column":8},"end":{"line":349,"column":45}}},"branchMap":{"1":{"line":184,"type":"if","locations":[{"start":{"line":184,"column":8},"end":{"line":184,"column":8}},{"start":{"line":184,"column":8},"end":{"line":184,"column":8}}]},"2":{"line":238,"type":"if","locations":[{"start":{"line":238,"column":8},"end":{"line":238,"column":8}},{"start":{"line":238,"column":8},"end":{"line":238,"column":8}}]},"3":{"line":266,"type":"if","locations":[{"start":{"line":266,"column":8},"end":{"line":266,"column":8}},{"start":{"line":266,"column":8},"end":{"line":266,"column":8}}]},"4":{"line":267,"type":"if","locations":[{"start":{"line":267,"column":8},"end":{"line":267,"column":8}},{"start":{"line":267,"column":8},"end":{"line":267,"column":8}}]},"5":{"line":270,"type":"if","locations":[{"start":{"line":270,"column":8},"end":{"line":270,"column":8}},{"start":{"line":270,"column":8},"end":{"line":270,"column":8}}]},"6":{"line":294,"type":"if","locations":[{"start":{"line":294,"column":8},"end":{"line":294,"column":8}},{"start":{"line":294,"column":8},"end":{"line":294,"column":8}}]},"7":{"line":317,"type":"if","locations":[{"start":{"line":317,"column":8},"end":{"line":317,"column":8}},{"start":{"line":317,"column":8},"end":{"line":317,"column":8}}]},"8":{"line":320,"type":"if","locations":[{"start":{"line":320,"column":8},"end":{"line":320,"column":8}},{"start":{"line":320,"column":8},"end":{"line":320,"column":8}}]},"9":{"line":345,"type":"if","locations":[{"start":{"line":345,"column":8},"end":{"line":345,"column":8}},{"start":{"line":345,"column":8},"end":{"line":345,"column":8}}]},"10":{"line":346,"type":"if","locations":[{"start":{"line":346,"column":8},"end":{"line":346,"column":8}},{"start":{"line":346,"column":8},"end":{"line":346,"column":8}}]}}},"contracts/Participants.sol":{"l":{"17":27,"20":27,"23":27,"28":27,"31":27,"34":27,"37":27,"40":27,"43":27,"46":27,"50":27,"53":27,"56":27,"59":27,"62":27,"65":27,"68":27,"71":27,"74":27,"77":27,"80":27,"83":27,"86":27,"89":27,"92":27,"95":27,"98":27,"101":27,"104":27,"107":27,"110":27,"113":27,"116":27,"119":27,"122":27,"125":27,"128":27,"131":27,"134":27,"137":27,"140":27,"143":27,"147":27,"150":27,"153":27,"156":27,"159":27,"162":27,"165":27,"168":27,"171":27,"174":27,"177":27,"180":27,"183":27,"186":27,"189":27,"192":27,"195":27,"198":27,"201":27,"204":27,"207":27,"210":27,"213":27,"216":27,"219":27,"222":27,"225":27,"228":27,"231":27,"234":27,"237":27,"240":27,"243":27,"246":27,"249":27,"252":27,"255":27,"258":27,"261":27,"264":27,"267":27,"270":27,"273":27,"276":27,"279":27,"282":27,"285":27,"288":27,"291":27,"294":27,"297":27,"300":27,"303":27,"306":27,"309":27,"312":27,"315":27,"318":27,"321":27,"324":27,"327":27,"330":27,"333":27,"336":27,"339":27,"342":27,"345":27,"348":27,"351":27,"354":27,"357":27,"360":27,"363":27,"366":27,"369":27,"372":27,"375":27,"378":27,"381":27,"384":27,"387":27,"390":27,"393":27,"396":27,"399":27,"402":27,"405":27,"408":27,"411":27,"414":27,"417":27,"420":27,"423":27,"426":27,"429":27,"432":27,"435":27,"438":27,"441":27,"444":27,"447":27},"path":"/Users/ideasoft/_development/_projects/dArtflex/smart-contracts-ddao-tokens/contracts/Participants.sol","s":{"1":27,"2":27,"3":27,"4":27,"5":27,"6":27,"7":27,"8":27,"9":27,"10":27,"11":27,"12":27,"13":27,"14":27,"15":27,"16":27,"17":27,"18":27,"19":27,"20":27,"21":27,"22":27,"23":27,"24":27,"25":27,"26":27,"27":27,"28":27,"29":27,"30":27,"31":27,"32":27,"33":27,"34":27,"35":27,"36":27,"37":27,"38":27,"39":27,"40":27,"41":27,"42":27,"43":27,"44":27,"45":27,"46":27,"47":27,"48":27,"49":27,"50":27,"51":27,"52":27,"53":27,"54":27,"55":27,"56":27,"57":27,"58":27,"59":27,"60":27,"61":27,"62":27,"63":27,"64":27,"65":27,"66":27,"67":27,"68":27,"69":27,"70":27,"71":27,"72":27,"73":27,"74":27,"75":27,"76":27,"77":27,"78":27,"79":27,"80":27,"81":27,"82":27,"83":27,"84":27,"85":27,"86":27,"87":27,"88":27,"89":27,"90":27,"91":27,"92":27,"93":27,"94":27,"95":27,"96":27,"97":27,"98":27,"99":27,"100":27,"101":27,"102":27,"103":27,"104":27,"105":27,"106":27,"107":27,"108":27,"109":27,"110":27,"111":27,"112":27,"113":27,"114":27,"115":27,"116":27,"117":27,"118":27,"119":27,"120":27,"121":27,"122":27,"123":27,"124":27,"125":27,"126":27,"127":27,"128":27,"129":27,"130":27,"131":27,"132":27,"133":27,"134":27,"135":27,"136":27,"137":27,"138":27,"139":27,"140":27,"141":27,"142":27,"143":27},"b":{},"f":{"1":27},"fnMap":{"1":{"name":"constructor","line":15,"loc":{"start":{"line":15,"column":4},"end":{"line":450,"column":4}}}},"statementMap":{"1":{"start":{"line":17,"column":8},"end":{"line":17,"column":441}},"2":{"start":{"line":20,"column":8},"end":{"line":20,"column":583}},"3":{"start":{"line":23,"column":8},"end":{"line":23,"column":727}},"4":{"start":{"line":28,"column":8},"end":{"line":28,"column":917}},"5":{"start":{"line":31,"column":8},"end":{"line":31,"column":1060}},"6":{"start":{"line":34,"column":8},"end":{"line":34,"column":1202}},"7":{"start":{"line":37,"column":8},"end":{"line":37,"column":1344}},"8":{"start":{"line":40,"column":8},"end":{"line":40,"column":1486}},"9":{"start":{"line":43,"column":8},"end":{"line":43,"column":1628}},"10":{"start":{"line":46,"column":8},"end":{"line":46,"column":1770}},"11":{"start":{"line":50,"column":8},"end":{"line":50,"column":1912}},"12":{"start":{"line":53,"column":8},"end":{"line":53,"column":2057}},"13":{"start":{"line":56,"column":8},"end":{"line":56,"column":2202}},"14":{"start":{"line":59,"column":8},"end":{"line":59,"column":2347}},"15":{"start":{"line":62,"column":8},"end":{"line":62,"column":2492}},"16":{"start":{"line":65,"column":8},"end":{"line":65,"column":2637}},"17":{"start":{"line":68,"column":8},"end":{"line":68,"column":2782}},"18":{"start":{"line":71,"column":8},"end":{"line":71,"column":2935}},"19":{"start":{"line":74,"column":8},"end":{"line":74,"column":3080}},"20":{"start":{"line":77,"column":8},"end":{"line":77,"column":3225}},"21":{"start":{"line":80,"column":8},"end":{"line":80,"column":3370}},"22":{"start":{"line":83,"column":8},"end":{"line":83,"column":3515}},"23":{"start":{"line":86,"column":8},"end":{"line":86,"column":3667}},"24":{"start":{"line":89,"column":8},"end":{"line":89,"column":3812}},"25":{"start":{"line":92,"column":8},"end":{"line":92,"column":3957}},"26":{"start":{"line":95,"column":8},"end":{"line":95,"column":4102}},"27":{"start":{"line":98,"column":8},"end":{"line":98,"column":4247}},"28":{"start":{"line":101,"column":8},"end":{"line":101,"column":4392}},"29":{"start":{"line":104,"column":8},"end":{"line":104,"column":4537}},"30":{"start":{"line":107,"column":8},"end":{"line":107,"column":4682}},"31":{"start":{"line":110,"column":8},"end":{"line":110,"column":4827}},"32":{"start":{"line":113,"column":8},"end":{"line":113,"column":4972}},"33":{"start":{"line":116,"column":8},"end":{"line":116,"column":5117}},"34":{"start":{"line":119,"column":8},"end":{"line":119,"column":5262}},"35":{"start":{"line":122,"column":8},"end":{"line":122,"column":5407}},"36":{"start":{"line":125,"column":8},"end":{"line":125,"column":5552}},"37":{"start":{"line":128,"column":8},"end":{"line":128,"column":5697}},"38":{"start":{"line":131,"column":8},"end":{"line":131,"column":5842}},"39":{"start":{"line":134,"column":8},"end":{"line":134,"column":5987}},"40":{"start":{"line":137,"column":8},"end":{"line":137,"column":6132}},"41":{"start":{"line":140,"column":8},"end":{"line":140,"column":6277}},"42":{"start":{"line":143,"column":8},"end":{"line":143,"column":6422}},"43":{"start":{"line":147,"column":8},"end":{"line":147,"column":6568}},"44":{"start":{"line":150,"column":8},"end":{"line":150,"column":6715}},"45":{"start":{"line":153,"column":8},"end":{"line":153,"column":6870}},"46":{"start":{"line":156,"column":8},"end":{"line":156,"column":7014}},"47":{"start":{"line":159,"column":8},"end":{"line":159,"column":7165}},"48":{"start":{"line":162,"column":8},"end":{"line":162,"column":7309}},"49":{"start":{"line":165,"column":8},"end":{"line":165,"column":7453}},"50":{"start":{"line":168,"column":8},"end":{"line":168,"column":7597}},"51":{"start":{"line":171,"column":8},"end":{"line":171,"column":7741}},"52":{"start":{"line":174,"column":8},"end":{"line":174,"column":7885}},"53":{"start":{"line":177,"column":8},"end":{"line":177,"column":8029}},"54":{"start":{"line":180,"column":8},"end":{"line":180,"column":8173}},"55":{"start":{"line":183,"column":8},"end":{"line":183,"column":8317}},"56":{"start":{"line":186,"column":8},"end":{"line":186,"column":8460}},"57":{"start":{"line":189,"column":8},"end":{"line":189,"column":8610}},"58":{"start":{"line":192,"column":8},"end":{"line":192,"column":8760}},"59":{"start":{"line":195,"column":8},"end":{"line":195,"column":8903}},"60":{"start":{"line":198,"column":8},"end":{"line":198,"column":9046}},"61":{"start":{"line":201,"column":8},"end":{"line":201,"column":9189}},"62":{"start":{"line":204,"column":8},"end":{"line":204,"column":9332}},"63":{"start":{"line":207,"column":8},"end":{"line":207,"column":9475}},"64":{"start":{"line":210,"column":8},"end":{"line":210,"column":9618}},"65":{"start":{"line":213,"column":8},"end":{"line":213,"column":9761}},"66":{"start":{"line":216,"column":8},"end":{"line":216,"column":9904}},"67":{"start":{"line":219,"column":8},"end":{"line":219,"column":10047}},"68":{"start":{"line":222,"column":8},"end":{"line":222,"column":10190}},"69":{"start":{"line":225,"column":8},"end":{"line":225,"column":10333}},"70":{"start":{"line":228,"column":8},"end":{"line":228,"column":10476}},"71":{"start":{"line":231,"column":8},"end":{"line":231,"column":10621}},"72":{"start":{"line":234,"column":8},"end":{"line":234,"column":10766}},"73":{"start":{"line":237,"column":8},"end":{"line":237,"column":10920}},"74":{"start":{"line":240,"column":8},"end":{"line":240,"column":11063}},"75":{"start":{"line":243,"column":8},"end":{"line":243,"column":11206}},"76":{"start":{"line":246,"column":8},"end":{"line":246,"column":11349}},"77":{"start":{"line":249,"column":8},"end":{"line":249,"column":11492}},"78":{"start":{"line":252,"column":8},"end":{"line":252,"column":11635}},"79":{"start":{"line":255,"column":8},"end":{"line":255,"column":11778}},"80":{"start":{"line":258,"column":8},"end":{"line":258,"column":11921}},"81":{"start":{"line":261,"column":8},"end":{"line":261,"column":12064}},"82":{"start":{"line":264,"column":8},"end":{"line":264,"column":12207}},"83":{"start":{"line":267,"column":8},"end":{"line":267,"column":12350}},"84":{"start":{"line":270,"column":8},"end":{"line":270,"column":12500}},"85":{"start":{"line":273,"column":8},"end":{"line":273,"column":12643}},"86":{"start":{"line":276,"column":8},"end":{"line":276,"column":12794}},"87":{"start":{"line":279,"column":8},"end":{"line":279,"column":12939}},"88":{"start":{"line":282,"column":8},"end":{"line":282,"column":13082}},"89":{"start":{"line":285,"column":8},"end":{"line":285,"column":13225}},"90":{"start":{"line":288,"column":8},"end":{"line":288,"column":13368}},"91":{"start":{"line":291,"column":8},"end":{"line":291,"column":13511}},"92":{"start":{"line":294,"column":8},"end":{"line":294,"column":13654}},"93":{"start":{"line":297,"column":8},"end":{"line":297,"column":13804}},"94":{"start":{"line":300,"column":8},"end":{"line":300,"column":13947}},"95":{"start":{"line":303,"column":8},"end":{"line":303,"column":14090}},"96":{"start":{"line":306,"column":8},"end":{"line":306,"column":14233}},"97":{"start":{"line":309,"column":8},"end":{"line":309,"column":14376}},"98":{"start":{"line":312,"column":8},"end":{"line":312,"column":14530}},"99":{"start":{"line":315,"column":8},"end":{"line":315,"column":14678}},"100":{"start":{"line":318,"column":8},"end":{"line":318,"column":14830}},"101":{"start":{"line":321,"column":8},"end":{"line":321,"column":14984}},"102":{"start":{"line":324,"column":8},"end":{"line":324,"column":15127}},"103":{"start":{"line":327,"column":8},"end":{"line":327,"column":15270}},"104":{"start":{"line":330,"column":8},"end":{"line":330,"column":15420}},"105":{"start":{"line":333,"column":8},"end":{"line":333,"column":15563}},"106":{"start":{"line":336,"column":8},"end":{"line":336,"column":15713}},"107":{"start":{"line":339,"column":8},"end":{"line":339,"column":15856}},"108":{"start":{"line":342,"column":8},"end":{"line":342,"column":15999}},"109":{"start":{"line":345,"column":8},"end":{"line":345,"column":16142}},"110":{"start":{"line":348,"column":8},"end":{"line":348,"column":16296}},"111":{"start":{"line":351,"column":8},"end":{"line":351,"column":16439}},"112":{"start":{"line":354,"column":8},"end":{"line":354,"column":16593}},"113":{"start":{"line":357,"column":8},"end":{"line":357,"column":16736}},"114":{"start":{"line":360,"column":8},"end":{"line":360,"column":16881}},"115":{"start":{"line":363,"column":8},"end":{"line":363,"column":17024}},"116":{"start":{"line":366,"column":8},"end":{"line":366,"column":17174}},"117":{"start":{"line":369,"column":8},"end":{"line":369,"column":17317}},"118":{"start":{"line":372,"column":8},"end":{"line":372,"column":17460}},"119":{"start":{"line":375,"column":8},"end":{"line":375,"column":17603}},"120":{"start":{"line":378,"column":8},"end":{"line":378,"column":17746}},"121":{"start":{"line":381,"column":8},"end":{"line":381,"column":17889}},"122":{"start":{"line":384,"column":8},"end":{"line":384,"column":18032}},"123":{"start":{"line":387,"column":8},"end":{"line":387,"column":18175}},"124":{"start":{"line":390,"column":8},"end":{"line":390,"column":18318}},"125":{"start":{"line":393,"column":8},"end":{"line":393,"column":18461}},"126":{"start":{"line":396,"column":8},"end":{"line":396,"column":18604}},"127":{"start":{"line":399,"column":8},"end":{"line":399,"column":18747}},"128":{"start":{"line":402,"column":8},"end":{"line":402,"column":18890}},"129":{"start":{"line":405,"column":8},"end":{"line":405,"column":19033}},"130":{"start":{"line":408,"column":8},"end":{"line":408,"column":19176}},"131":{"start":{"line":411,"column":8},"end":{"line":411,"column":19319}},"132":{"start":{"line":414,"column":8},"end":{"line":414,"column":19462}},"133":{"start":{"line":417,"column":8},"end":{"line":417,"column":19605}},"134":{"start":{"line":420,"column":8},"end":{"line":420,"column":19748}},"135":{"start":{"line":423,"column":8},"end":{"line":423,"column":19891}},"136":{"start":{"line":426,"column":8},"end":{"line":426,"column":20034}},"137":{"start":{"line":429,"column":8},"end":{"line":429,"column":20177}},"138":{"start":{"line":432,"column":8},"end":{"line":432,"column":20320}},"139":{"start":{"line":435,"column":8},"end":{"line":435,"column":20463}},"140":{"start":{"line":438,"column":8},"end":{"line":438,"column":20606}},"141":{"start":{"line":441,"column":8},"end":{"line":441,"column":20749}},"142":{"start":{"line":444,"column":8},"end":{"line":444,"column":20892}},"143":{"start":{"line":447,"column":8},"end":{"line":447,"column":21035}}},"branchMap":{}},"contracts/token/ERC1155/ERC1155.sol":{"l":{"11":0},"path":"/Users/ideasoft/_development/_projects/dArtflex/smart-contracts-ddao-tokens/contracts/token/ERC1155/ERC1155.sol","s":{"1":0},"b":{},"f":{"1":0},"fnMap":{"1":{"name":"setURI","line":10,"loc":{"start":{"line":10,"column":4},"end":{"line":12,"column":4}}}},"statementMap":{"1":{"start":{"line":11,"column":8},"end":{"line":11,"column":22}}},"branchMap":{}},"contracts/token/ERC1155/IERC1155.sol":{"l":{},"path":"/Users/ideasoft/_development/_projects/dArtflex/smart-contracts-ddao-tokens/contracts/token/ERC1155/IERC1155.sol","s":{},"b":{},"f":{},"fnMap":{},"statementMap":{},"branchMap":{}},"contracts/token/ERC20/extensions/IERC20Metadata.sol":{"l":{},"path":"/Users/ideasoft/_development/_projects/dArtflex/smart-contracts-ddao-tokens/contracts/token/ERC20/extensions/IERC20Metadata.sol","s":{},"b":{},"f":{},"fnMap":{},"statementMap":{},"branchMap":{}},"contracts/token/ERC20/IERC20.sol":{"l":{},"path":"/Users/ideasoft/_development/_projects/dArtflex/smart-contracts-ddao-tokens/contracts/token/ERC20/IERC20.sol","s":{},"b":{},"f":{},"fnMap":{},"statementMap":{},"branchMap":{}},"contracts/token/ERC20/SafeERC20.sol":{"l":{"25":2,"37":1,"59":0,"63":0,"74":0,"75":0,"90":0,"119":3,"123":3,"126":3},"path":"/Users/ideasoft/_development/_projects/dArtflex/smart-contracts-ddao-tokens/contracts/token/ERC20/SafeERC20.sol","s":{"1":2,"2":1,"3":0,"4":0,"5":0,"6":0,"7":3,"8":3,"9":3},"b":{"1":[0,0],"2":[3,0],"3":[3,0]},"f":{"1":2,"2":1,"3":0,"4":0,"5":0,"6":3},"fnMap":{"1":{"name":"safeTransfer","line":20,"loc":{"start":{"line":20,"column":4},"end":{"line":29,"column":4}}},"2":{"name":"safeTransferFrom","line":31,"loc":{"start":{"line":31,"column":4},"end":{"line":41,"column":4}}},"3":{"name":"safeApprove","line":50,"loc":{"start":{"line":50,"column":4},"end":{"line":67,"column":4}}},"4":{"name":"safeIncreaseAllowance","line":69,"loc":{"start":{"line":69,"column":4},"end":{"line":83,"column":4}}},"5":{"name":"safeDecreaseAllowance","line":85,"loc":{"start":{"line":85,"column":4},"end":{"line":106,"column":4}}},"6":{"name":"_callOptionalReturn","line":114,"loc":{"start":{"line":114,"column":4},"end":{"line":131,"column":4}}}},"statementMap":{"1":{"start":{"line":25,"column":8},"end":{"line":25,"column":750}},"2":{"start":{"line":37,"column":8},"end":{"line":37,"column":1021}},"3":{"start":{"line":59,"column":8},"end":{"line":59,"column":1804}},"4":{"start":{"line":63,"column":8},"end":{"line":63,"column":1977}},"5":{"start":{"line":74,"column":8},"end":{"line":74,"column":78}},"6":{"start":{"line":75,"column":8},"end":{"line":75,"column":2320}},"7":{"start":{"line":119,"column":8},"end":{"line":119,"column":3985}},"8":{"start":{"line":123,"column":8},"end":{"line":123,"column":4123}},"9":{"start":{"line":126,"column":12},"end":{"line":126,"column":4264}}},"branchMap":{"1":{"line":59,"type":"if","locations":[{"start":{"line":59,"column":8},"end":{"line":59,"column":8}},{"start":{"line":59,"column":8},"end":{"line":59,"column":8}}]},"2":{"line":123,"type":"if","locations":[{"start":{"line":123,"column":8},"end":{"line":123,"column":8}},{"start":{"line":123,"column":8},"end":{"line":123,"column":8}}]},"3":{"line":126,"type":"if","locations":[{"start":{"line":126,"column":12},"end":{"line":126,"column":12}},{"start":{"line":126,"column":12},"end":{"line":126,"column":12}}]}}},"contracts/utils/Address.sol":{"l":{"31":3,"33":3,"36":3,"56":0,"62":0,"63":0,"91":0,"105":3,"124":0,"145":3,"149":3,"152":3,"155":3,"169":0,"188":0,"191":0,"192":0,"205":0,"224":0,"227":0,"228":0,"236":3,"237":3,"240":0,"244":0,"249":0},"path":"/Users/ideasoft/_development/_projects/dArtflex/smart-contracts-ddao-tokens/contracts/utils/Address.sol","s":{"1":3,"2":3,"3":0,"4":0,"5":0,"6":0,"7":3,"8":0,"9":3,"10":3,"11":3,"12":3,"13":0,"14":0,"15":0,"16":0,"17":0,"18":0,"19":0,"20":0,"21":3,"22":3,"23":0,"24":0},"b":{"1":[0,0],"2":[0,0],"3":[3,0],"4":[3,0],"5":[0,0],"6":[0,0],"7":[3,0],"8":[0,0]},"f":{"1":3,"2":0,"3":0,"4":3,"5":0,"6":3,"7":0,"8":0,"9":0,"10":0,"11":3},"fnMap":{"1":{"name":"isContract","line":26,"loc":{"start":{"line":26,"column":4},"end":{"line":37,"column":4}}},"2":{"name":"sendValue","line":55,"loc":{"start":{"line":55,"column":4},"end":{"line":67,"column":4}}},"3":{"name":"functionCall","line":87,"loc":{"start":{"line":87,"column":4},"end":{"line":92,"column":4}}},"4":{"name":"functionCall","line":100,"loc":{"start":{"line":100,"column":4},"end":{"line":106,"column":4}}},"5":{"name":"functionCallWithValue","line":119,"loc":{"start":{"line":119,"column":4},"end":{"line":131,"column":4}}},"6":{"name":"functionCallWithValue","line":139,"loc":{"start":{"line":139,"column":4},"end":{"line":156,"column":4}}},"7":{"name":"functionStaticCall","line":164,"loc":{"start":{"line":164,"column":4},"end":{"line":175,"column":4}}},"8":{"name":"functionStaticCall","line":183,"loc":{"start":{"line":183,"column":4},"end":{"line":193,"column":4}}},"9":{"name":"functionDelegateCall","line":201,"loc":{"start":{"line":201,"column":4},"end":{"line":211,"column":4}}},"10":{"name":"functionDelegateCall","line":219,"loc":{"start":{"line":219,"column":4},"end":{"line":229,"column":4}}},"11":{"name":"_verifyCallResult","line":231,"loc":{"start":{"line":231,"column":4},"end":{"line":252,"column":4}}}},"statementMap":{"1":{"start":{"line":31,"column":8},"end":{"line":31,"column":20}},"2":{"start":{"line":36,"column":8},"end":{"line":36,"column":23}},"3":{"start":{"line":56,"column":8},"end":{"line":56,"column":2157}},"4":{"start":{"line":62,"column":8},"end":{"line":62,"column":60}},"5":{"start":{"line":63,"column":8},"end":{"line":63,"column":2414}},"6":{"start":{"line":91,"column":8},"end":{"line":91,"column":75}},"7":{"start":{"line":105,"column":8},"end":{"line":105,"column":67}},"8":{"start":{"line":124,"column":8},"end":{"line":124,"column":4432}},"9":{"start":{"line":145,"column":8},"end":{"line":145,"column":5055}},"10":{"start":{"line":149,"column":8},"end":{"line":149,"column":67}},"11":{"start":{"line":152,"column":8},"end":{"line":152,"column":5311}},"12":{"start":{"line":155,"column":8},"end":{"line":155,"column":67}},"13":{"start":{"line":169,"column":8},"end":{"line":169,"column":5801}},"14":{"start":{"line":188,"column":8},"end":{"line":188,"column":74}},"15":{"start":{"line":191,"column":8},"end":{"line":191,"column":73}},"16":{"start":{"line":192,"column":8},"end":{"line":192,"column":67}},"17":{"start":{"line":205,"column":8},"end":{"line":205,"column":6898}},"18":{"start":{"line":224,"column":8},"end":{"line":224,"column":76}},"19":{"start":{"line":227,"column":8},"end":{"line":227,"column":75}},"20":{"start":{"line":228,"column":8},"end":{"line":228,"column":67}},"21":{"start":{"line":236,"column":8},"end":{"line":236,"column":7867}},"22":{"start":{"line":237,"column":12},"end":{"line":237,"column":29}},"23":{"start":{"line":240,"column":12},"end":{"line":240,"column":8012}},"24":{"start":{"line":249,"column":16},"end":{"line":249,"column":35}}},"branchMap":{"1":{"line":56,"type":"if","locations":[{"start":{"line":56,"column":8},"end":{"line":56,"column":8}},{"start":{"line":56,"column":8},"end":{"line":56,"column":8}}]},"2":{"line":63,"type":"if","locations":[{"start":{"line":63,"column":8},"end":{"line":63,"column":8}},{"start":{"line":63,"column":8},"end":{"line":63,"column":8}}]},"3":{"line":145,"type":"if","locations":[{"start":{"line":145,"column":8},"end":{"line":145,"column":8}},{"start":{"line":145,"column":8},"end":{"line":145,"column":8}}]},"4":{"line":149,"type":"if","locations":[{"start":{"line":149,"column":8},"end":{"line":149,"column":8}},{"start":{"line":149,"column":8},"end":{"line":149,"column":8}}]},"5":{"line":188,"type":"if","locations":[{"start":{"line":188,"column":8},"end":{"line":188,"column":8}},{"start":{"line":188,"column":8},"end":{"line":188,"column":8}}]},"6":{"line":224,"type":"if","locations":[{"start":{"line":224,"column":8},"end":{"line":224,"column":8}},{"start":{"line":224,"column":8},"end":{"line":224,"column":8}}]},"7":{"line":236,"type":"if","locations":[{"start":{"line":236,"column":8},"end":{"line":236,"column":8}},{"start":{"line":236,"column":8},"end":{"line":236,"column":8}}]},"8":{"line":240,"type":"if","locations":[{"start":{"line":240,"column":12},"end":{"line":240,"column":12}},{"start":{"line":240,"column":12},"end":{"line":240,"column":12}}]}}},"contracts/utils/Ownable.sol":{"l":{"23":81,"24":81,"31":0,"38":19,"39":19,"46":19,"56":0,"57":0,"65":0,"73":0,"74":0,"75":0},"path":"/Users/ideasoft/_development/_projects/dArtflex/smart-contracts-ddao-tokens/contracts/utils/Ownable.sol","s":{"1":81,"2":81,"3":0,"4":19,"5":19,"6":0,"7":0,"8":0,"9":0,"10":0,"11":0},"b":{"1":[19,0],"2":[0,0]},"f":{"1":81,"2":0,"3":19,"4":19,"5":0,"6":0,"7":0},"fnMap":{"1":{"name":"constructor","line":22,"loc":{"start":{"line":22,"column":4},"end":{"line":25,"column":4}}},"2":{"name":"owner","line":30,"loc":{"start":{"line":30,"column":4},"end":{"line":32,"column":4}}},"3":{"name":"onlyOwner","line":37,"loc":{"start":{"line":37,"column":4},"end":{"line":40,"column":4}}},"4":{"name":"isOwner","line":45,"loc":{"start":{"line":45,"column":4},"end":{"line":47,"column":4}}},"5":{"name":"renounceOwnership","line":55,"loc":{"start":{"line":55,"column":4},"end":{"line":58,"column":4}}},"6":{"name":"transferOwnership","line":64,"loc":{"start":{"line":64,"column":4},"end":{"line":66,"column":4}}},"7":{"name":"_transferOwnership","line":72,"loc":{"start":{"line":72,"column":4},"end":{"line":76,"column":4}}}},"statementMap":{"1":{"start":{"line":23,"column":8},"end":{"line":23,"column":26}},"2":{"start":{"line":24,"column":8},"end":{"line":24,"column":53}},"3":{"start":{"line":31,"column":8},"end":{"line":31,"column":21}},"4":{"start":{"line":38,"column":8},"end":{"line":38,"column":25}},"5":{"start":{"line":46,"column":8},"end":{"line":46,"column":35}},"6":{"start":{"line":56,"column":8},"end":{"line":56,"column":53}},"7":{"start":{"line":57,"column":8},"end":{"line":57,"column":26}},"8":{"start":{"line":65,"column":8},"end":{"line":65,"column":35}},"9":{"start":{"line":73,"column":8},"end":{"line":73,"column":38}},"10":{"start":{"line":74,"column":8},"end":{"line":74,"column":51}},"11":{"start":{"line":75,"column":8},"end":{"line":75,"column":24}}},"branchMap":{"1":{"line":38,"type":"if","locations":[{"start":{"line":38,"column":8},"end":{"line":38,"column":8}},{"start":{"line":38,"column":8},"end":{"line":38,"column":8}}]},"2":{"line":73,"type":"if","locations":[{"start":{"line":73,"column":8},"end":{"line":73,"column":8}},{"start":{"line":73,"column":8},"end":{"line":73,"column":8}}]}}}}