{"contracts/ERC20Base.sol":{"l":{"58":6,"59":6,"60":6,"67":0,"75":0,"92":0,"99":0,"112":1,"129":1,"130":1,"143":1,"159":1,"160":1,"181":0,"183":0,"184":0,"188":0,"190":0,"210":0,"215":0,"237":0,"238":0,"242":0,"244":0,"266":1,"267":1,"269":1,"270":1,"274":1,"275":1,"277":1,"281":2,"294":2,"296":2,"297":2,"298":2,"302":0,"317":0,"319":0,"320":0,"321":0,"322":0,"324":0,"345":1,"346":1,"348":1,"349":1},"path":"/Users/ideasoft/_development/_projects/dArtflex/smart-contracts-genesis/contracts/ERC20Base.sol","s":{"1":6,"2":6,"3":6,"4":0,"5":0,"6":0,"7":0,"8":1,"9":1,"10":1,"11":1,"12":1,"13":1,"14":0,"15":0,"16":0,"17":0,"18":0,"19":0,"20":0,"21":0,"22":0,"23":0,"24":0,"25":1,"26":1,"27":1,"28":1,"29":1,"30":1,"31":1,"32":2,"33":2,"34":2,"35":2,"36":2,"37":0,"38":0,"39":0,"40":0,"41":0,"42":0,"43":0,"44":1,"45":1,"46":1,"47":1},"b":{"1":[0,0],"2":[0,0],"3":[1,0],"4":[1,0],"5":[1,0],"6":[2,0],"7":[0,0],"8":[0,0],"9":[1,0],"10":[1,0]},"f":{"1":6,"2":0,"3":0,"4":0,"5":0,"6":1,"7":1,"8":1,"9":1,"10":0,"11":0,"12":0,"13":1,"14":2,"15":2,"16":0,"17":0,"18":1},"fnMap":{"1":{"name":"constructor","line":53,"loc":{"start":{"line":53,"column":4},"end":{"line":61,"column":4}}},"2":{"name":"name","line":66,"loc":{"start":{"line":66,"column":4},"end":{"line":68,"column":4}}},"3":{"name":"symbol","line":74,"loc":{"start":{"line":74,"column":4},"end":{"line":76,"column":4}}},"4":{"name":"decimals","line":91,"loc":{"start":{"line":91,"column":4},"end":{"line":93,"column":4}}},"5":{"name":"totalSupply","line":98,"loc":{"start":{"line":98,"column":4},"end":{"line":100,"column":4}}},"6":{"name":"balanceOf","line":105,"loc":{"start":{"line":105,"column":4},"end":{"line":113,"column":4}}},"7":{"name":"transfer","line":123,"loc":{"start":{"line":123,"column":4},"end":{"line":131,"column":4}}},"8":{"name":"allowance","line":136,"loc":{"start":{"line":136,"column":4},"end":{"line":144,"column":4}}},"9":{"name":"approve","line":153,"loc":{"start":{"line":153,"column":4},"end":{"line":161,"column":4}}},"10":{"name":"transferFrom","line":176,"loc":{"start":{"line":176,"column":4},"end":{"line":191,"column":4}}},"11":{"name":"increaseAllowance","line":205,"loc":{"start":{"line":205,"column":4},"end":{"line":216,"column":4}}},"12":{"name":"decreaseAllowance","line":232,"loc":{"start":{"line":232,"column":4},"end":{"line":245,"column":4}}},"13":{"name":"_transfer","line":261,"loc":{"start":{"line":261,"column":4},"end":{"line":278,"column":4}}},"14":{"name":"mint","line":280,"loc":{"start":{"line":280,"column":4},"end":{"line":282,"column":4}}},"15":{"name":"_mint","line":293,"loc":{"start":{"line":293,"column":4},"end":{"line":299,"column":4}}},"16":{"name":"burn","line":301,"loc":{"start":{"line":301,"column":4},"end":{"line":303,"column":4}}},"17":{"name":"_burn","line":316,"loc":{"start":{"line":316,"column":4},"end":{"line":325,"column":4}}},"18":{"name":"_approve","line":340,"loc":{"start":{"line":340,"column":4},"end":{"line":350,"column":4}}}},"statementMap":{"1":{"start":{"line":58,"column":8},"end":{"line":58,"column":20}},"2":{"start":{"line":59,"column":8},"end":{"line":59,"column":24}},"3":{"start":{"line":60,"column":8},"end":{"line":60,"column":28}},"4":{"start":{"line":67,"column":8},"end":{"line":67,"column":20}},"5":{"start":{"line":75,"column":8},"end":{"line":75,"column":22}},"6":{"start":{"line":92,"column":8},"end":{"line":92,"column":24}},"7":{"start":{"line":99,"column":8},"end":{"line":99,"column":27}},"8":{"start":{"line":112,"column":8},"end":{"line":112,"column":33}},"9":{"start":{"line":129,"column":8},"end":{"line":129,"column":47}},"10":{"start":{"line":130,"column":8},"end":{"line":130,"column":19}},"11":{"start":{"line":143,"column":8},"end":{"line":143,"column":42}},"12":{"start":{"line":159,"column":8},"end":{"line":159,"column":44}},"13":{"start":{"line":160,"column":8},"end":{"line":160,"column":19}},"14":{"start":{"line":181,"column":8},"end":{"line":181,"column":43}},"15":{"start":{"line":183,"column":8},"end":{"line":183,"column":66}},"16":{"start":{"line":184,"column":8},"end":{"line":184,"column":5372}},"17":{"start":{"line":188,"column":8},"end":{"line":188,"column":62}},"18":{"start":{"line":190,"column":8},"end":{"line":190,"column":19}},"19":{"start":{"line":210,"column":8},"end":{"line":210,"column":6106}},"20":{"start":{"line":215,"column":8},"end":{"line":215,"column":19}},"21":{"start":{"line":237,"column":8},"end":{"line":237,"column":67}},"22":{"start":{"line":238,"column":8},"end":{"line":238,"column":6949}},"23":{"start":{"line":242,"column":8},"end":{"line":242,"column":72}},"24":{"start":{"line":244,"column":8},"end":{"line":244,"column":19}},"25":{"start":{"line":266,"column":8},"end":{"line":266,"column":77}},"26":{"start":{"line":267,"column":8},"end":{"line":267,"column":78}},"27":{"start":{"line":269,"column":8},"end":{"line":269,"column":49}},"28":{"start":{"line":270,"column":8},"end":{"line":270,"column":7986}},"29":{"start":{"line":274,"column":8},"end":{"line":274,"column":49}},"30":{"start":{"line":275,"column":8},"end":{"line":275,"column":37}},"31":{"start":{"line":277,"column":8},"end":{"line":277,"column":48}},"32":{"start":{"line":281,"column":8},"end":{"line":281,"column":29}},"33":{"start":{"line":294,"column":8},"end":{"line":294,"column":72}},"34":{"start":{"line":296,"column":8},"end":{"line":296,"column":29}},"35":{"start":{"line":297,"column":8},"end":{"line":297,"column":35}},"36":{"start":{"line":298,"column":8},"end":{"line":298,"column":50}},"37":{"start":{"line":302,"column":8},"end":{"line":302,"column":32}},"38":{"start":{"line":317,"column":8},"end":{"line":317,"column":74}},"39":{"start":{"line":319,"column":8},"end":{"line":319,"column":51}},"40":{"start":{"line":320,"column":8},"end":{"line":320,"column":78}},"41":{"start":{"line":321,"column":8},"end":{"line":321,"column":51}},"42":{"start":{"line":322,"column":8},"end":{"line":322,"column":29}},"43":{"start":{"line":324,"column":8},"end":{"line":324,"column":50}},"44":{"start":{"line":345,"column":8},"end":{"line":345,"column":75}},"45":{"start":{"line":346,"column":8},"end":{"line":346,"column":75}},"46":{"start":{"line":348,"column":8},"end":{"line":348,"column":43}},"47":{"start":{"line":349,"column":8},"end":{"line":349,"column":45}}},"branchMap":{"1":{"line":184,"type":"if","locations":[{"start":{"line":184,"column":8},"end":{"line":184,"column":8}},{"start":{"line":184,"column":8},"end":{"line":184,"column":8}}]},"2":{"line":238,"type":"if","locations":[{"start":{"line":238,"column":8},"end":{"line":238,"column":8}},{"start":{"line":238,"column":8},"end":{"line":238,"column":8}}]},"3":{"line":266,"type":"if","locations":[{"start":{"line":266,"column":8},"end":{"line":266,"column":8}},{"start":{"line":266,"column":8},"end":{"line":266,"column":8}}]},"4":{"line":267,"type":"if","locations":[{"start":{"line":267,"column":8},"end":{"line":267,"column":8}},{"start":{"line":267,"column":8},"end":{"line":267,"column":8}}]},"5":{"line":270,"type":"if","locations":[{"start":{"line":270,"column":8},"end":{"line":270,"column":8}},{"start":{"line":270,"column":8},"end":{"line":270,"column":8}}]},"6":{"line":294,"type":"if","locations":[{"start":{"line":294,"column":8},"end":{"line":294,"column":8}},{"start":{"line":294,"column":8},"end":{"line":294,"column":8}}]},"7":{"line":317,"type":"if","locations":[{"start":{"line":317,"column":8},"end":{"line":317,"column":8}},{"start":{"line":317,"column":8},"end":{"line":317,"column":8}}]},"8":{"line":320,"type":"if","locations":[{"start":{"line":320,"column":8},"end":{"line":320,"column":8}},{"start":{"line":320,"column":8},"end":{"line":320,"column":8}}]},"9":{"line":345,"type":"if","locations":[{"start":{"line":345,"column":8},"end":{"line":345,"column":8}},{"start":{"line":345,"column":8},"end":{"line":345,"column":8}}]},"10":{"line":346,"type":"if","locations":[{"start":{"line":346,"column":8},"end":{"line":346,"column":8}},{"start":{"line":346,"column":8},"end":{"line":346,"column":8}}]}}},"contracts/GenesisSales.sol":{"l":{"43":6,"45":6,"46":6,"47":6,"48":6,"49":6,"50":18,"53":6,"63":1,"64":1,"71":1,"73":0,"74":0,"75":0,"76":0,"77":0,"81":0,"82":0,"86":0,"87":0,"88":0,"92":0,"93":0,"97":0,"98":0,"99":0,"103":0,"104":0,"109":0,"110":0,"116":0,"120":0,"124":0,"128":0},"path":"/Users/ideasoft/_development/_projects/dArtflex/smart-contracts-genesis/contracts/GenesisSales.sol","s":{"1":6,"2":6,"3":6,"4":6,"5":6,"6":6,"7":18,"8":6,"9":1,"10":1,"11":1,"12":0,"13":0,"14":0,"15":0,"16":0,"17":0,"18":0,"19":0,"20":0,"21":0,"22":0,"23":0,"24":0,"25":0,"26":0,"27":0,"28":0,"29":0,"30":0,"31":0,"32":0,"33":0,"34":0},"b":{"1":[6,0],"2":[1,0],"3":[1,0],"4":[0,0],"5":[0,0],"6":[0,0],"7":[0,0],"8":[0,0],"9":[0,0],"10":[0,0]},"f":{"1":6,"2":1,"3":0,"4":0,"5":0},"fnMap":{"1":{"name":"constructor","line":42,"loc":{"start":{"line":42,"column":4},"end":{"line":56,"column":4}}},"2":{"name":"buyTokens","line":58,"loc":{"start":{"line":58,"column":4},"end":{"line":117,"column":4}}},"3":{"name":"increaseMintTokenCommon","line":119,"loc":{"start":{"line":119,"column":4},"end":{"line":121,"column":4}}},"4":{"name":"increaseMintTokenRare","line":123,"loc":{"start":{"line":123,"column":4},"end":{"line":125,"column":4}}},"5":{"name":"increaseMintTokenGold","line":127,"loc":{"start":{"line":127,"column":4},"end":{"line":129,"column":4}}}},"statementMap":{"1":{"start":{"line":43,"column":8},"end":{"line":43,"column":19}},"2":{"start":{"line":45,"column":8},"end":{"line":45,"column":76}},"3":{"start":{"line":46,"column":8},"end":{"line":46,"column":28}},"4":{"start":{"line":47,"column":8},"end":{"line":47,"column":26}},"5":{"start":{"line":48,"column":8},"end":{"line":48,"column":26}},"6":{"start":{"line":49,"column":8},"end":{"line":49,"column":1504}},"7":{"start":{"line":50,"column":12},"end":{"line":50,"column":32}},"8":{"start":{"line":53,"column":8},"end":{"line":53,"column":1602}},"9":{"start":{"line":63,"column":8},"end":{"line":63,"column":67}},"10":{"start":{"line":64,"column":8},"end":{"line":64,"column":1937}},"11":{"start":{"line":71,"column":8},"end":{"line":71,"column":60}},"12":{"start":{"line":73,"column":8},"end":{"line":73,"column":32}},"13":{"start":{"line":74,"column":8},"end":{"line":74,"column":21}},"14":{"start":{"line":75,"column":8},"end":{"line":75,"column":2289}},"15":{"start":{"line":76,"column":12},"end":{"line":76,"column":30}},"16":{"start":{"line":77,"column":12},"end":{"line":77,"column":2379}},"17":{"start":{"line":81,"column":12},"end":{"line":81,"column":44}},"18":{"start":{"line":82,"column":12},"end":{"line":82,"column":2611}},"19":{"start":{"line":86,"column":8},"end":{"line":86,"column":2721}},"20":{"start":{"line":87,"column":12},"end":{"line":87,"column":28}},"21":{"start":{"line":88,"column":12},"end":{"line":88,"column":2807}},"22":{"start":{"line":92,"column":12},"end":{"line":92,"column":42}},"23":{"start":{"line":93,"column":12},"end":{"line":93,"column":3031}},"24":{"start":{"line":97,"column":8},"end":{"line":97,"column":3139}},"25":{"start":{"line":98,"column":12},"end":{"line":98,"column":28}},"26":{"start":{"line":99,"column":12},"end":{"line":99,"column":3225}},"27":{"start":{"line":103,"column":12},"end":{"line":103,"column":42}},"28":{"start":{"line":104,"column":12},"end":{"line":104,"column":3449}},"29":{"start":{"line":109,"column":8},"end":{"line":109,"column":71}},"30":{"start":{"line":110,"column":8},"end":{"line":110,"column":3632}},"31":{"start":{"line":116,"column":8},"end":{"line":116,"column":62}},"32":{"start":{"line":120,"column":8},"end":{"line":120,"column":40}},"33":{"start":{"line":124,"column":8},"end":{"line":124,"column":38}},"34":{"start":{"line":128,"column":8},"end":{"line":128,"column":38}}},"branchMap":{"1":{"line":45,"type":"if","locations":[{"start":{"line":45,"column":8},"end":{"line":45,"column":8}},{"start":{"line":45,"column":8},"end":{"line":45,"column":8}}]},"2":{"line":63,"type":"if","locations":[{"start":{"line":63,"column":8},"end":{"line":63,"column":8}},{"start":{"line":63,"column":8},"end":{"line":63,"column":8}}]},"3":{"line":64,"type":"if","locations":[{"start":{"line":64,"column":8},"end":{"line":64,"column":8}},{"start":{"line":64,"column":8},"end":{"line":64,"column":8}}]},"4":{"line":75,"type":"if","locations":[{"start":{"line":75,"column":8},"end":{"line":75,"column":8}},{"start":{"line":75,"column":8},"end":{"line":75,"column":8}}]},"5":{"line":77,"type":"if","locations":[{"start":{"line":77,"column":12},"end":{"line":77,"column":12}},{"start":{"line":77,"column":12},"end":{"line":77,"column":12}}]},"6":{"line":86,"type":"if","locations":[{"start":{"line":86,"column":8},"end":{"line":86,"column":8}},{"start":{"line":86,"column":8},"end":{"line":86,"column":8}}]},"7":{"line":88,"type":"if","locations":[{"start":{"line":88,"column":12},"end":{"line":88,"column":12}},{"start":{"line":88,"column":12},"end":{"line":88,"column":12}}]},"8":{"line":97,"type":"if","locations":[{"start":{"line":97,"column":8},"end":{"line":97,"column":8}},{"start":{"line":97,"column":8},"end":{"line":97,"column":8}}]},"9":{"line":99,"type":"if","locations":[{"start":{"line":99,"column":12},"end":{"line":99,"column":12}},{"start":{"line":99,"column":12},"end":{"line":99,"column":12}}]},"10":{"line":109,"type":"if","locations":[{"start":{"line":109,"column":8},"end":{"line":109,"column":8}},{"start":{"line":109,"column":8},"end":{"line":109,"column":8}}]}}},"contracts/token/ERC1155/ERC1155.sol":{"l":{},"path":"/Users/ideasoft/_development/_projects/dArtflex/smart-contracts-genesis/contracts/token/ERC1155/ERC1155.sol","s":{},"b":{},"f":{},"fnMap":{},"statementMap":{},"branchMap":{}},"contracts/token/ERC1155/IERC1155.sol":{"l":{},"path":"/Users/ideasoft/_development/_projects/dArtflex/smart-contracts-genesis/contracts/token/ERC1155/IERC1155.sol","s":{},"b":{},"f":{},"fnMap":{},"statementMap":{},"branchMap":{}},"contracts/token/ERC20/extensions/IERC20Metadata.sol":{"l":{},"path":"/Users/ideasoft/_development/_projects/dArtflex/smart-contracts-genesis/contracts/token/ERC20/extensions/IERC20Metadata.sol","s":{},"b":{},"f":{},"fnMap":{},"statementMap":{},"branchMap":{}},"contracts/token/ERC20/IERC20.sol":{"l":{},"path":"/Users/ideasoft/_development/_projects/dArtflex/smart-contracts-genesis/contracts/token/ERC20/IERC20.sol","s":{},"b":{},"f":{},"fnMap":{},"statementMap":{},"branchMap":{}},"contracts/token/ERC20/SafeERC20.sol":{"l":{"25":0,"37":0,"59":0,"63":0,"74":0,"75":0,"90":0,"119":0,"123":0,"126":0},"path":"/Users/ideasoft/_development/_projects/dArtflex/smart-contracts-genesis/contracts/token/ERC20/SafeERC20.sol","s":{"1":0,"2":0,"3":0,"4":0,"5":0,"6":0,"7":0,"8":0,"9":0},"b":{"1":[0,0],"2":[0,0],"3":[0,0]},"f":{"1":0,"2":0,"3":0,"4":0,"5":0,"6":0},"fnMap":{"1":{"name":"safeTransfer","line":20,"loc":{"start":{"line":20,"column":4},"end":{"line":29,"column":4}}},"2":{"name":"safeTransferFrom","line":31,"loc":{"start":{"line":31,"column":4},"end":{"line":41,"column":4}}},"3":{"name":"safeApprove","line":50,"loc":{"start":{"line":50,"column":4},"end":{"line":67,"column":4}}},"4":{"name":"safeIncreaseAllowance","line":69,"loc":{"start":{"line":69,"column":4},"end":{"line":83,"column":4}}},"5":{"name":"safeDecreaseAllowance","line":85,"loc":{"start":{"line":85,"column":4},"end":{"line":106,"column":4}}},"6":{"name":"_callOptionalReturn","line":114,"loc":{"start":{"line":114,"column":4},"end":{"line":131,"column":4}}}},"statementMap":{"1":{"start":{"line":25,"column":8},"end":{"line":25,"column":750}},"2":{"start":{"line":37,"column":8},"end":{"line":37,"column":1021}},"3":{"start":{"line":59,"column":8},"end":{"line":59,"column":1804}},"4":{"start":{"line":63,"column":8},"end":{"line":63,"column":1977}},"5":{"start":{"line":74,"column":8},"end":{"line":74,"column":78}},"6":{"start":{"line":75,"column":8},"end":{"line":75,"column":2320}},"7":{"start":{"line":119,"column":8},"end":{"line":119,"column":3985}},"8":{"start":{"line":123,"column":8},"end":{"line":123,"column":4123}},"9":{"start":{"line":126,"column":12},"end":{"line":126,"column":4264}}},"branchMap":{"1":{"line":59,"type":"if","locations":[{"start":{"line":59,"column":8},"end":{"line":59,"column":8}},{"start":{"line":59,"column":8},"end":{"line":59,"column":8}}]},"2":{"line":123,"type":"if","locations":[{"start":{"line":123,"column":8},"end":{"line":123,"column":8}},{"start":{"line":123,"column":8},"end":{"line":123,"column":8}}]},"3":{"line":126,"type":"if","locations":[{"start":{"line":126,"column":12},"end":{"line":126,"column":12}},{"start":{"line":126,"column":12},"end":{"line":126,"column":12}}]}}},"contracts/utils/Address.sol":{"l":{"31":0,"33":0,"36":0,"56":0,"62":0,"63":0,"91":0,"105":0,"124":0,"145":0,"149":0,"152":0,"155":0,"169":0,"188":0,"191":0,"192":0,"205":0,"224":0,"227":0,"228":0,"236":0,"237":0,"240":0,"244":0,"249":0},"path":"/Users/ideasoft/_development/_projects/dArtflex/smart-contracts-genesis/contracts/utils/Address.sol","s":{"1":0,"2":0,"3":0,"4":0,"5":0,"6":0,"7":0,"8":0,"9":0,"10":0,"11":0,"12":0,"13":0,"14":0,"15":0,"16":0,"17":0,"18":0,"19":0,"20":0,"21":0,"22":0,"23":0,"24":0},"b":{"1":[0,0],"2":[0,0],"3":[0,0],"4":[0,0],"5":[0,0],"6":[0,0],"7":[0,0],"8":[0,0]},"f":{"1":0,"2":0,"3":0,"4":0,"5":0,"6":0,"7":0,"8":0,"9":0,"10":0,"11":0},"fnMap":{"1":{"name":"isContract","line":26,"loc":{"start":{"line":26,"column":4},"end":{"line":37,"column":4}}},"2":{"name":"sendValue","line":55,"loc":{"start":{"line":55,"column":4},"end":{"line":67,"column":4}}},"3":{"name":"functionCall","line":87,"loc":{"start":{"line":87,"column":4},"end":{"line":92,"column":4}}},"4":{"name":"functionCall","line":100,"loc":{"start":{"line":100,"column":4},"end":{"line":106,"column":4}}},"5":{"name":"functionCallWithValue","line":119,"loc":{"start":{"line":119,"column":4},"end":{"line":131,"column":4}}},"6":{"name":"functionCallWithValue","line":139,"loc":{"start":{"line":139,"column":4},"end":{"line":156,"column":4}}},"7":{"name":"functionStaticCall","line":164,"loc":{"start":{"line":164,"column":4},"end":{"line":175,"column":4}}},"8":{"name":"functionStaticCall","line":183,"loc":{"start":{"line":183,"column":4},"end":{"line":193,"column":4}}},"9":{"name":"functionDelegateCall","line":201,"loc":{"start":{"line":201,"column":4},"end":{"line":211,"column":4}}},"10":{"name":"functionDelegateCall","line":219,"loc":{"start":{"line":219,"column":4},"end":{"line":229,"column":4}}},"11":{"name":"_verifyCallResult","line":231,"loc":{"start":{"line":231,"column":4},"end":{"line":252,"column":4}}}},"statementMap":{"1":{"start":{"line":31,"column":8},"end":{"line":31,"column":20}},"2":{"start":{"line":36,"column":8},"end":{"line":36,"column":23}},"3":{"start":{"line":56,"column":8},"end":{"line":56,"column":2157}},"4":{"start":{"line":62,"column":8},"end":{"line":62,"column":60}},"5":{"start":{"line":63,"column":8},"end":{"line":63,"column":2414}},"6":{"start":{"line":91,"column":8},"end":{"line":91,"column":75}},"7":{"start":{"line":105,"column":8},"end":{"line":105,"column":67}},"8":{"start":{"line":124,"column":8},"end":{"line":124,"column":4432}},"9":{"start":{"line":145,"column":8},"end":{"line":145,"column":5055}},"10":{"start":{"line":149,"column":8},"end":{"line":149,"column":67}},"11":{"start":{"line":152,"column":8},"end":{"line":152,"column":5311}},"12":{"start":{"line":155,"column":8},"end":{"line":155,"column":67}},"13":{"start":{"line":169,"column":8},"end":{"line":169,"column":5801}},"14":{"start":{"line":188,"column":8},"end":{"line":188,"column":74}},"15":{"start":{"line":191,"column":8},"end":{"line":191,"column":73}},"16":{"start":{"line":192,"column":8},"end":{"line":192,"column":67}},"17":{"start":{"line":205,"column":8},"end":{"line":205,"column":6898}},"18":{"start":{"line":224,"column":8},"end":{"line":224,"column":76}},"19":{"start":{"line":227,"column":8},"end":{"line":227,"column":75}},"20":{"start":{"line":228,"column":8},"end":{"line":228,"column":67}},"21":{"start":{"line":236,"column":8},"end":{"line":236,"column":7867}},"22":{"start":{"line":237,"column":12},"end":{"line":237,"column":29}},"23":{"start":{"line":240,"column":12},"end":{"line":240,"column":8012}},"24":{"start":{"line":249,"column":16},"end":{"line":249,"column":35}}},"branchMap":{"1":{"line":56,"type":"if","locations":[{"start":{"line":56,"column":8},"end":{"line":56,"column":8}},{"start":{"line":56,"column":8},"end":{"line":56,"column":8}}]},"2":{"line":63,"type":"if","locations":[{"start":{"line":63,"column":8},"end":{"line":63,"column":8}},{"start":{"line":63,"column":8},"end":{"line":63,"column":8}}]},"3":{"line":145,"type":"if","locations":[{"start":{"line":145,"column":8},"end":{"line":145,"column":8}},{"start":{"line":145,"column":8},"end":{"line":145,"column":8}}]},"4":{"line":149,"type":"if","locations":[{"start":{"line":149,"column":8},"end":{"line":149,"column":8}},{"start":{"line":149,"column":8},"end":{"line":149,"column":8}}]},"5":{"line":188,"type":"if","locations":[{"start":{"line":188,"column":8},"end":{"line":188,"column":8}},{"start":{"line":188,"column":8},"end":{"line":188,"column":8}}]},"6":{"line":224,"type":"if","locations":[{"start":{"line":224,"column":8},"end":{"line":224,"column":8}},{"start":{"line":224,"column":8},"end":{"line":224,"column":8}}]},"7":{"line":236,"type":"if","locations":[{"start":{"line":236,"column":8},"end":{"line":236,"column":8}},{"start":{"line":236,"column":8},"end":{"line":236,"column":8}}]},"8":{"line":240,"type":"if","locations":[{"start":{"line":240,"column":12},"end":{"line":240,"column":12}},{"start":{"line":240,"column":12},"end":{"line":240,"column":12}}]}}},"contracts/utils/Ownable.sol":{"l":{"23":12,"24":12,"31":0,"38":2,"39":2,"46":2,"56":0,"57":0,"65":0,"73":0,"74":0,"75":0},"path":"/Users/ideasoft/_development/_projects/dArtflex/smart-contracts-genesis/contracts/utils/Ownable.sol","s":{"1":12,"2":12,"3":0,"4":2,"5":2,"6":0,"7":0,"8":0,"9":0,"10":0,"11":0},"b":{"1":[2,0],"2":[0,0]},"f":{"1":12,"2":0,"3":2,"4":2,"5":0,"6":0,"7":0},"fnMap":{"1":{"name":"constructor","line":22,"loc":{"start":{"line":22,"column":4},"end":{"line":25,"column":4}}},"2":{"name":"owner","line":30,"loc":{"start":{"line":30,"column":4},"end":{"line":32,"column":4}}},"3":{"name":"onlyOwner","line":37,"loc":{"start":{"line":37,"column":4},"end":{"line":40,"column":4}}},"4":{"name":"isOwner","line":45,"loc":{"start":{"line":45,"column":4},"end":{"line":47,"column":4}}},"5":{"name":"renounceOwnership","line":55,"loc":{"start":{"line":55,"column":4},"end":{"line":58,"column":4}}},"6":{"name":"transferOwnership","line":64,"loc":{"start":{"line":64,"column":4},"end":{"line":66,"column":4}}},"7":{"name":"_transferOwnership","line":72,"loc":{"start":{"line":72,"column":4},"end":{"line":76,"column":4}}}},"statementMap":{"1":{"start":{"line":23,"column":8},"end":{"line":23,"column":26}},"2":{"start":{"line":24,"column":8},"end":{"line":24,"column":53}},"3":{"start":{"line":31,"column":8},"end":{"line":31,"column":21}},"4":{"start":{"line":38,"column":8},"end":{"line":38,"column":25}},"5":{"start":{"line":46,"column":8},"end":{"line":46,"column":35}},"6":{"start":{"line":56,"column":8},"end":{"line":56,"column":53}},"7":{"start":{"line":57,"column":8},"end":{"line":57,"column":26}},"8":{"start":{"line":65,"column":8},"end":{"line":65,"column":35}},"9":{"start":{"line":73,"column":8},"end":{"line":73,"column":38}},"10":{"start":{"line":74,"column":8},"end":{"line":74,"column":51}},"11":{"start":{"line":75,"column":8},"end":{"line":75,"column":24}}},"branchMap":{"1":{"line":38,"type":"if","locations":[{"start":{"line":38,"column":8},"end":{"line":38,"column":8}},{"start":{"line":38,"column":8},"end":{"line":38,"column":8}}]},"2":{"line":73,"type":"if","locations":[{"start":{"line":73,"column":8},"end":{"line":73,"column":8}},{"start":{"line":73,"column":8},"end":{"line":73,"column":8}}]}}}}